2018-06-10 00:37:43 clean up first
2018-06-10 00:37:43 rm -rf temp/captcha-text-list.txt
2018-06-10 00:37:43 touch temp/captcha-text-list.txt
2018-06-10 00:37:43 rm -rf temp/train-list.txt
2018-06-10 00:37:43 touch temp/train-list.txt
2018-06-10 00:37:43 rm -rf temp/train-files/
2018-06-10 00:37:43 mkdir temp/train-files/
2018-06-10 00:37:43 rm -rf temp/test-files/
2018-06-10 00:37:43 mkdir temp/test-files/
2018-06-10 00:37:43 init
2018-06-10 00:37:43 create new captext_list
2018-06-10 00:37:43 rm -rf temp/captcha-text-list.txt
2018-06-10 00:37:43 touch temp/captcha-text-list.txt
2018-06-10 00:38:53 ==========================================
2018-06-10 00:38:53 iteration number 1
2018-06-10 00:38:53 ==========================================
2018-06-10 00:38:53 create TRAIN image set based on captext list
2018-06-10 00:38:53 php-cgi captcha.php dest-directory=temp/train-files/ captext-list=temp/captcha-text-list.txt
2018-06-10 00:39:21 cp -r temp/train-files/ temp/train-files__bak_0
2018-06-10 00:39:22 set new max train iter to ->50050
2018-06-10 00:39:22 bash create-train-list.sh temp/train-files/ temp/train-list.txt
2018-06-10 00:40:10 rm -rf temp/train.db
2018-06-10 00:40:10 convert_imageset --backend=leveldb --gray --resize_height=0 --resize_width=0 --shuffle=true temp/train-files/ temp/train-list.txt temp/train.db
2018-06-10 00:40:30 rm -rf temp/train-files/
2018-06-10 00:40:30 mkdir temp/train-files/
2018-06-10 00:40:30 rm -rf captcha_solver.prototxt
2018-06-10 00:40:30 touch captcha_solver.prototxt
2018-06-10 00:40:30 caffe TRAIN
2018-06-10 00:40:30 no snapshot
2018-06-10 00:40:30 caffe train --solver=captcha_solver.prototxt
2018-06-10 01:54:33 ==========================================
2018-06-10 01:54:33 iteration number 2
2018-06-10 01:54:33 ==========================================
2018-06-10 01:54:33 TEST pretrained snapshot temp/snapshots/modepakbudi_iter_50050.solverstate
2018-06-10 01:54:33 create TEST image set based on captext list
2018-06-10 01:54:33 php-cgi captcha.php dest-directory=temp/test-files/ captext-list=temp/captcha-text-list.txt
2018-06-10 01:55:04 cp -r temp/test-files/ temp/test-files__bak_50050
2018-06-10 02:53:33 booo!!. only correct: 261 images of total: 10010
2018-06-10 02:53:33 Make TEST image set become TRAIN image set
2018-06-10 02:53:33 rm -rf temp/train-files/
2018-06-10 02:53:33 mv temp/test-files/ temp/train-files/
2018-06-10 02:53:33 mkdir temp/test-files/
2018-06-10 02:53:33 cp -r temp/train-files/ temp/train-files__bak_50050
2018-06-10 02:53:33 set new max train iter to ->98795
2018-06-10 02:53:33 bash create-train-list.sh temp/train-files/ temp/train-list.txt
2018-06-10 02:54:28 rm -rf temp/train.db
2018-06-10 02:54:28 convert_imageset --backend=leveldb --gray --resize_height=0 --resize_width=0 --shuffle=true temp/train-files/ temp/train-list.txt temp/train.db
2018-06-10 02:54:58 rm -rf temp/train-files/
2018-06-10 02:54:58 mkdir temp/train-files/
2018-06-10 02:54:58 rm -rf captcha_solver.prototxt
2018-06-10 02:54:58 touch captcha_solver.prototxt
2018-06-10 02:54:58 caffe TRAIN
2018-06-10 02:54:58 continue TRAIN snapshot temp/snapshots/modepakbudi_iter_50050.solverstate
2018-06-10 02:54:58 caffe train --solver=captcha_solver.prototxt --snapshot=temp/snapshots/modepakbudi_iter_50050.solverstate
2018-06-10 04:06:56 ==========================================
2018-06-10 04:06:56 iteration number 3
2018-06-10 04:06:56 ==========================================
2018-06-10 04:06:56 TEST pretrained snapshot temp/snapshots/modepakbudi_iter_98795.solverstate
2018-06-10 04:06:56 create TEST image set based on captext list
2018-06-10 04:06:56 php-cgi captcha.php dest-directory=temp/test-files/ captext-list=temp/captcha-text-list.txt
2018-06-10 04:07:26 cp -r temp/test-files/ temp/test-files__bak_98795
2018-06-10 05:05:55 booo!!. only correct: 3221 images of total: 10010
2018-06-10 05:05:55 Make TEST image set become TRAIN image set
2018-06-10 05:05:55 rm -rf temp/train-files/
2018-06-10 05:05:55 mv temp/test-files/ temp/train-files/
2018-06-10 05:05:55 mkdir temp/test-files/
2018-06-10 05:05:55 cp -r temp/train-files/ temp/train-files__bak_98795
2018-06-10 05:05:55 set new max train iter to ->132740
2018-06-10 05:05:55 bash create-train-list.sh temp/train-files/ temp/train-list.txt
2018-06-10 05:06:32 rm -rf temp/train.db
2018-06-10 05:06:32 convert_imageset --backend=leveldb --gray --resize_height=0 --resize_width=0 --shuffle=true temp/train-files/ temp/train-list.txt temp/train.db
2018-06-10 05:06:58 rm -rf temp/train-files/
2018-06-10 05:06:58 mkdir temp/train-files/
2018-06-10 05:06:58 rm -rf captcha_solver.prototxt
2018-06-10 05:06:58 touch captcha_solver.prototxt
2018-06-10 05:06:58 caffe TRAIN
2018-06-10 05:06:58 continue TRAIN snapshot temp/snapshots/modepakbudi_iter_98795.solverstate
2018-06-10 05:06:58 caffe train --solver=captcha_solver.prototxt --snapshot=temp/snapshots/modepakbudi_iter_98795.solverstate
2018-06-10 05:57:13 ==========================================
2018-06-10 05:57:13 iteration number 4
2018-06-10 05:57:13 ==========================================
2018-06-10 05:57:13 TEST pretrained snapshot temp/snapshots/modepakbudi_iter_132740.solverstate
2018-06-10 05:57:13 create TEST image set based on captext list
2018-06-10 05:57:13 php-cgi captcha.php dest-directory=temp/test-files/ captext-list=temp/captcha-text-list.txt
2018-06-10 05:57:47 cp -r temp/test-files/ temp/test-files__bak_132740
2018-06-10 06:56:03 booo!!. only correct: 4190 images of total: 10010
2018-06-10 06:56:03 Make TEST image set become TRAIN image set
2018-06-10 06:56:03 rm -rf temp/train-files/
2018-06-10 06:56:03 mv temp/test-files/ temp/train-files/
2018-06-10 06:56:03 mkdir temp/test-files/
2018-06-10 06:56:03 cp -r temp/train-files/ temp/train-files__bak_132740
2018-06-10 06:56:03 set new max train iter to ->161840
2018-06-10 06:56:03 bash create-train-list.sh temp/train-files/ temp/train-list.txt
2018-06-10 06:56:36 rm -rf temp/train.db
2018-06-10 06:56:37 convert_imageset --backend=leveldb --gray --resize_height=0 --resize_width=0 --shuffle=true temp/train-files/ temp/train-list.txt temp/train.db
2018-06-10 06:57:08 rm -rf temp/train-files/
2018-06-10 06:57:08 mkdir temp/train-files/
2018-06-10 06:57:08 rm -rf captcha_solver.prototxt
2018-06-10 06:57:08 touch captcha_solver.prototxt
2018-06-10 06:57:08 caffe TRAIN
2018-06-10 06:57:08 continue TRAIN snapshot temp/snapshots/modepakbudi_iter_132740.solverstate
2018-06-10 06:57:08 caffe train --solver=captcha_solver.prototxt --snapshot=temp/snapshots/modepakbudi_iter_132740.solverstate
2018-06-10 07:40:19 ==========================================
2018-06-10 07:40:19 iteration number 5
2018-06-10 07:40:19 ==========================================
2018-06-10 07:40:19 TEST pretrained snapshot temp/snapshots/modepakbudi_iter_161840.solverstate
2018-06-10 07:40:19 create TEST image set based on captext list
2018-06-10 07:40:19 php-cgi captcha.php dest-directory=temp/test-files/ captext-list=temp/captcha-text-list.txt
2018-06-10 07:40:51 cp -r temp/test-files/ temp/test-files__bak_161840
2018-06-10 08:39:14 booo!!. only correct: 4941 images of total: 10010
2018-06-10 08:39:14 Make TEST image set become TRAIN image set
2018-06-10 08:39:14 rm -rf temp/train-files/
2018-06-10 08:39:14 mv temp/test-files/ temp/train-files/
2018-06-10 08:39:14 mkdir temp/test-files/
2018-06-10 08:39:14 cp -r temp/train-files/ temp/train-files__bak_161840
2018-06-10 08:39:14 set new max train iter to ->187185
2018-06-10 08:39:14 bash create-train-list.sh temp/train-files/ temp/train-list.txt
2018-06-10 08:39:43 rm -rf temp/train.db
2018-06-10 08:39:43 convert_imageset --backend=leveldb --gray --resize_height=0 --resize_width=0 --shuffle=true temp/train-files/ temp/train-list.txt temp/train.db
2018-06-10 08:40:16 rm -rf temp/train-files/
2018-06-10 08:40:16 mkdir temp/train-files/
2018-06-10 08:40:16 rm -rf captcha_solver.prototxt
2018-06-10 08:40:16 touch captcha_solver.prototxt
2018-06-10 08:40:16 caffe TRAIN
2018-06-10 08:40:16 continue TRAIN snapshot temp/snapshots/modepakbudi_iter_161840.solverstate
2018-06-10 08:40:16 caffe train --solver=captcha_solver.prototxt --snapshot=temp/snapshots/modepakbudi_iter_161840.solverstate
2018-06-10 09:17:48 ==========================================
2018-06-10 09:17:48 iteration number 6
2018-06-10 09:17:48 ==========================================
2018-06-10 09:17:49 TEST pretrained snapshot temp/snapshots/modepakbudi_iter_187185.solverstate
2018-06-10 09:17:49 create TEST image set based on captext list
2018-06-10 09:17:49 php-cgi captcha.php dest-directory=temp/test-files/ captext-list=temp/captcha-text-list.txt
2018-06-10 09:18:21 cp -r temp/test-files/ temp/test-files__bak_187185
2018-06-10 10:16:56 booo!!. only correct: 5208 images of total: 10010
2018-06-10 10:16:56 Make TEST image set become TRAIN image set
2018-06-10 10:16:56 rm -rf temp/train-files/
2018-06-10 10:16:56 mv temp/test-files/ temp/train-files/
2018-06-10 10:16:56 mkdir temp/test-files/
2018-06-10 10:16:56 cp -r temp/train-files/ temp/train-files__bak_187185
2018-06-10 10:16:56 set new max train iter to ->211195
2018-06-10 10:16:56 bash create-train-list.sh temp/train-files/ temp/train-list.txt
2018-06-10 10:17:24 rm -rf temp/train.db
2018-06-10 10:17:24 convert_imageset --backend=leveldb --gray --resize_height=0 --resize_width=0 --shuffle=true temp/train-files/ temp/train-list.txt temp/train.db
2018-06-10 10:18:03 rm -rf temp/train-files/
2018-06-10 10:18:03 mkdir temp/train-files/
2018-06-10 10:18:03 rm -rf captcha_solver.prototxt
2018-06-10 10:18:03 touch captcha_solver.prototxt
2018-06-10 10:18:03 caffe TRAIN
2018-06-10 10:18:03 continue TRAIN snapshot temp/snapshots/modepakbudi_iter_187185.solverstate
2018-06-10 10:18:03 caffe train --solver=captcha_solver.prototxt --snapshot=temp/snapshots/modepakbudi_iter_187185.solverstate
2018-06-10 10:53:39 ==========================================
2018-06-10 10:53:39 iteration number 7
2018-06-10 10:53:39 ==========================================
2018-06-10 10:53:39 TEST pretrained snapshot temp/snapshots/modepakbudi_iter_211195.solverstate
2018-06-10 10:53:39 create TEST image set based on captext list
2018-06-10 10:53:39 php-cgi captcha.php dest-directory=temp/test-files/ captext-list=temp/captcha-text-list.txt
2018-06-10 10:54:11 cp -r temp/test-files/ temp/test-files__bak_211195
2018-06-10 11:53:20 booo!!. only correct: 5641 images of total: 10010
2018-06-10 11:53:20 Make TEST image set become TRAIN image set
2018-06-10 11:53:20 rm -rf temp/train-files/
2018-06-10 11:53:20 mv temp/test-files/ temp/train-files/
2018-06-10 11:53:20 mkdir temp/test-files/
2018-06-10 11:53:20 cp -r temp/train-files/ temp/train-files__bak_211195
2018-06-10 11:53:21 set new max train iter to ->233040
2018-06-10 11:53:21 bash create-train-list.sh temp/train-files/ temp/train-list.txt
2018-06-10 11:53:45 rm -rf temp/train.db
2018-06-10 11:53:45 convert_imageset --backend=leveldb --gray --resize_height=0 --resize_width=0 --shuffle=true temp/train-files/ temp/train-list.txt temp/train.db
2018-06-10 11:54:39 rm -rf temp/train-files/
2018-06-10 11:54:39 mkdir temp/train-files/
2018-06-10 11:54:39 rm -rf captcha_solver.prototxt
2018-06-10 11:54:39 touch captcha_solver.prototxt
2018-06-10 11:54:39 caffe TRAIN
2018-06-10 11:54:39 continue TRAIN snapshot temp/snapshots/modepakbudi_iter_211195.solverstate
2018-06-10 11:54:39 caffe train --solver=captcha_solver.prototxt --snapshot=temp/snapshots/modepakbudi_iter_211195.solverstate
2018-06-10 12:27:02 ==========================================
2018-06-10 12:27:02 iteration number 8
2018-06-10 12:27:02 ==========================================
2018-06-10 12:27:02 TEST pretrained snapshot temp/snapshots/modepakbudi_iter_233040.solverstate
2018-06-10 12:27:02 create TEST image set based on captext list
2018-06-10 12:27:02 php-cgi captcha.php dest-directory=temp/test-files/ captext-list=temp/captcha-text-list.txt
2018-06-10 12:27:34 cp -r temp/test-files/ temp/test-files__bak_233040
2018-06-10 13:25:53 booo!!. only correct: 6065 images of total: 10010
2018-06-10 13:25:53 Make TEST image set become TRAIN image set
2018-06-10 13:25:53 rm -rf temp/train-files/
2018-06-10 13:25:53 mv temp/test-files/ temp/train-files/
2018-06-10 13:25:53 mkdir temp/test-files/
2018-06-10 13:25:54 cp -r temp/train-files/ temp/train-files__bak_233040
2018-06-10 13:25:54 set new max train iter to ->252765
2018-06-10 13:25:54 bash create-train-list.sh temp/train-files/ temp/train-list.txt
2018-06-10 13:26:16 rm -rf temp/train.db
2018-06-10 13:26:16 convert_imageset --backend=leveldb --gray --resize_height=0 --resize_width=0 --shuffle=true temp/train-files/ temp/train-list.txt temp/train.db
2018-06-10 13:26:57 rm -rf temp/train-files/
2018-06-10 13:26:57 mkdir temp/train-files/
2018-06-10 13:26:57 rm -rf captcha_solver.prototxt
2018-06-10 13:26:57 touch captcha_solver.prototxt
2018-06-10 13:26:57 caffe TRAIN
2018-06-10 13:26:57 continue TRAIN snapshot temp/snapshots/modepakbudi_iter_233040.solverstate
2018-06-10 13:26:57 caffe train --solver=captcha_solver.prototxt --snapshot=temp/snapshots/modepakbudi_iter_233040.solverstate
2018-06-10 13:56:19 ==========================================
2018-06-10 13:56:19 iteration number 9
2018-06-10 13:56:19 ==========================================
2018-06-10 13:56:19 TEST pretrained snapshot temp/snapshots/modepakbudi_iter_252765.solverstate
2018-06-10 13:56:19 create TEST image set based on captext list
2018-06-10 13:56:19 php-cgi captcha.php dest-directory=temp/test-files/ captext-list=temp/captcha-text-list.txt
2018-06-10 13:56:51 cp -r temp/test-files/ temp/test-files__bak_252765
2018-06-10 14:55:13 booo!!. only correct: 5897 images of total: 10010
2018-06-10 14:55:13 Make TEST image set become TRAIN image set
2018-06-10 14:55:13 rm -rf temp/train-files/
2018-06-10 14:55:13 mv temp/test-files/ temp/train-files/
2018-06-10 14:55:13 mkdir temp/test-files/
2018-06-10 14:55:13 cp -r temp/train-files/ temp/train-files__bak_252765
2018-06-10 14:55:13 set new max train iter to ->273330
2018-06-10 14:55:13 bash create-train-list.sh temp/train-files/ temp/train-list.txt
2018-06-10 14:55:37 rm -rf temp/train.db
2018-06-10 14:55:37 convert_imageset --backend=leveldb --gray --resize_height=0 --resize_width=0 --shuffle=true temp/train-files/ temp/train-list.txt temp/train.db
2018-06-10 14:56:29 rm -rf temp/train-files/
2018-06-10 14:56:29 mkdir temp/train-files/
2018-06-10 14:56:29 rm -rf captcha_solver.prototxt
2018-06-10 14:56:29 touch captcha_solver.prototxt
2018-06-10 14:56:29 caffe TRAIN
2018-06-10 14:56:29 continue TRAIN snapshot temp/snapshots/modepakbudi_iter_252765.solverstate
2018-06-10 14:56:29 caffe train --solver=captcha_solver.prototxt --snapshot=temp/snapshots/modepakbudi_iter_252765.solverstate
2018-06-10 17:13:48 clean up first
2018-06-10 17:13:48 rm -rf temp/captcha-text-list.txt
2018-06-10 17:13:48 touch temp/captcha-text-list.txt
2018-06-10 17:13:48 rm -rf temp/train-list.txt
2018-06-10 17:13:48 touch temp/train-list.txt
2018-06-10 17:13:48 rm -rf temp/train-files/
2018-06-10 17:13:48 mkdir temp/train-files/
2018-06-10 17:13:48 rm -rf temp/test-files/
2018-06-10 17:13:48 mkdir temp/test-files/
2018-06-10 17:13:48 init
2018-06-10 17:13:48 create new captext_list
2018-06-10 17:13:49 rm -rf temp/captcha-text-list.txt
2018-06-10 17:13:49 touch temp/captcha-text-list.txt
2018-06-10 17:15:01 ==========================================
2018-06-10 17:15:01 iteration number 1
2018-06-10 17:15:01 ==========================================
2018-06-10 17:15:01 TEST pretrained snapshot temp/snapshots/modepakbudi_iter_273330.solverstate
2018-06-10 17:15:01 create TEST image set based on captext list
2018-06-10 17:15:01 php-cgi captcha.php dest-directory=temp/test-files/ captext-list=temp/captcha-text-list.txt
2018-06-10 17:15:31 cp -r temp/test-files/ temp/test-files__bak_273330
2018-06-10 18:14:37 booo!!. only correct: 4507 images of total: 10010
2018-06-10 18:14:37 Make TEST image set become TRAIN image set
2018-06-10 18:14:37 rm -rf temp/train-files/
2018-06-10 18:14:37 mv temp/test-files/ temp/train-files/
2018-06-10 18:14:37 mkdir temp/test-files/
2018-06-10 18:14:37 cp -r temp/train-files/ temp/train-files__bak_273330
2018-06-10 18:14:37 set new max train iter to ->300845
2018-06-10 18:14:37 bash create-train-list.sh temp/train-files/ temp/train-list.txt
2018-06-10 18:15:09 rm -rf temp/train.db
2018-06-10 18:15:09 convert_imageset --backend=leveldb --gray --resize_height=0 --resize_width=0 --shuffle=true temp/train-files/ temp/train-list.txt temp/train.db
2018-06-10 18:15:18 rm -rf temp/train-files/
2018-06-10 18:15:18 mkdir temp/train-files/
2018-06-10 18:15:18 rm -rf captcha_solver.prototxt
2018-06-10 18:15:18 touch captcha_solver.prototxt
2018-06-10 18:15:18 caffe TRAIN
2018-06-10 18:15:18 continue TRAIN snapshot temp/snapshots/modepakbudi_iter_273330.solverstate
2018-06-10 18:15:18 caffe train --solver=captcha_solver.prototxt --snapshot=temp/snapshots/modepakbudi_iter_273330.solverstate
2018-06-10 18:56:01 ==========================================
2018-06-10 18:56:01 iteration number 2
2018-06-10 18:56:01 ==========================================
2018-06-10 18:56:01 TEST pretrained snapshot temp/snapshots/modepakbudi_iter_300845.solverstate
2018-06-10 18:56:01 create TEST image set based on captext list
2018-06-10 18:56:01 php-cgi captcha.php dest-directory=temp/test-files/ captext-list=temp/captcha-text-list.txt
2018-06-10 18:56:33 cp -r temp/test-files/ temp/test-files__bak_300845
2018-06-10 19:55:20 booo!!. only correct: 6177 images of total: 10010
2018-06-10 19:55:20 Make TEST image set become TRAIN image set
2018-06-10 19:55:20 rm -rf temp/train-files/
2018-06-10 19:55:20 mv temp/test-files/ temp/train-files/
2018-06-10 19:55:20 mkdir temp/test-files/
2018-06-10 19:55:20 cp -r temp/train-files/ temp/train-files__bak_300845
2018-06-10 19:55:20 set new max train iter to ->320010
2018-06-10 19:55:20 bash create-train-list.sh temp/train-files/ temp/train-list.txt
2018-06-10 19:55:42 rm -rf temp/train.db
2018-06-10 19:55:42 convert_imageset --backend=leveldb --gray --resize_height=0 --resize_width=0 --shuffle=true temp/train-files/ temp/train-list.txt temp/train.db
2018-06-10 19:55:52 rm -rf temp/train-files/
2018-06-10 19:55:52 mkdir temp/train-files/
2018-06-10 19:55:52 rm -rf captcha_solver.prototxt
2018-06-10 19:55:52 touch captcha_solver.prototxt
2018-06-10 19:55:52 caffe TRAIN
2018-06-10 19:55:52 continue TRAIN snapshot temp/snapshots/modepakbudi_iter_300845.solverstate
2018-06-10 19:55:52 caffe train --solver=captcha_solver.prototxt --snapshot=temp/snapshots/modepakbudi_iter_300845.solverstate
2018-06-10 20:24:23 ==========================================
2018-06-10 20:24:23 iteration number 3
2018-06-10 20:24:23 ==========================================
2018-06-10 20:24:24 TEST pretrained snapshot temp/snapshots/modepakbudi_iter_320010.solverstate
2018-06-10 20:24:24 create TEST image set based on captext list
2018-06-10 20:24:24 php-cgi captcha.php dest-directory=temp/test-files/ captext-list=temp/captcha-text-list.txt
2018-06-10 20:24:56 cp -r temp/test-files/ temp/test-files__bak_320010
2018-06-10 21:23:57 booo!!. only correct: 6405 images of total: 10010
2018-06-10 21:23:57 Make TEST image set become TRAIN image set
2018-06-10 21:23:57 rm -rf temp/train-files/
2018-06-10 21:23:57 mv temp/test-files/ temp/train-files/
2018-06-10 21:23:57 mkdir temp/test-files/
2018-06-10 21:23:57 cp -r temp/train-files/ temp/train-files__bak_320010
2018-06-10 21:23:58 set new max train iter to ->338035
2018-06-10 21:23:58 bash create-train-list.sh temp/train-files/ temp/train-list.txt
2018-06-10 21:24:19 rm -rf temp/train.db
2018-06-10 21:24:19 convert_imageset --backend=leveldb --gray --resize_height=0 --resize_width=0 --shuffle=true temp/train-files/ temp/train-list.txt temp/train.db
2018-06-10 21:24:35 rm -rf temp/train-files/
2018-06-10 21:24:35 mkdir temp/train-files/
2018-06-10 21:24:35 rm -rf captcha_solver.prototxt
2018-06-10 21:24:35 touch captcha_solver.prototxt
2018-06-10 21:24:35 caffe TRAIN
2018-06-10 21:24:35 continue TRAIN snapshot temp/snapshots/modepakbudi_iter_320010.solverstate
2018-06-10 21:24:35 caffe train --solver=captcha_solver.prototxt --snapshot=temp/snapshots/modepakbudi_iter_320010.solverstate
2018-06-10 21:51:21 ==========================================
2018-06-10 21:51:21 iteration number 4
2018-06-10 21:51:21 ==========================================
2018-06-10 21:51:21 TEST pretrained snapshot temp/snapshots/modepakbudi_iter_338035.solverstate
2018-06-10 21:51:21 create TEST image set based on captext list
2018-06-10 21:51:21 php-cgi captcha.php dest-directory=temp/test-files/ captext-list=temp/captcha-text-list.txt
2018-06-10 21:51:53 cp -r temp/test-files/ temp/test-files__bak_338035
2018-06-10 22:51:33 booo!!. only correct: 6622 images of total: 10010
2018-06-10 22:51:33 Make TEST image set become TRAIN image set
2018-06-10 22:51:33 rm -rf temp/train-files/
2018-06-10 22:51:33 mv temp/test-files/ temp/train-files/
2018-06-10 22:51:33 mkdir temp/test-files/
2018-06-10 22:51:33 cp -r temp/train-files/ temp/train-files__bak_338035
2018-06-10 22:51:33 set new max train iter to ->354975
2018-06-10 22:51:33 bash create-train-list.sh temp/train-files/ temp/train-list.txt
2018-06-10 22:51:52 rm -rf temp/train.db
2018-06-10 22:51:52 convert_imageset --backend=leveldb --gray --resize_height=0 --resize_width=0 --shuffle=true temp/train-files/ temp/train-list.txt temp/train.db
2018-06-10 22:52:13 rm -rf temp/train-files/
2018-06-10 22:52:13 mkdir temp/train-files/
2018-06-10 22:52:13 rm -rf captcha_solver.prototxt
2018-06-10 22:52:13 touch captcha_solver.prototxt
2018-06-10 22:52:13 caffe TRAIN
2018-06-10 22:52:13 continue TRAIN snapshot temp/snapshots/modepakbudi_iter_338035.solverstate
2018-06-10 22:52:13 caffe train --solver=captcha_solver.prototxt --snapshot=temp/snapshots/modepakbudi_iter_338035.solverstate
2018-06-10 23:17:36 ==========================================
2018-06-10 23:17:37 iteration number 5
2018-06-10 23:17:37 ==========================================
2018-06-10 23:17:37 TEST pretrained snapshot temp/snapshots/modepakbudi_iter_354975.solverstate
2018-06-10 23:17:37 create TEST image set based on captext list
2018-06-10 23:17:37 php-cgi captcha.php dest-directory=temp/test-files/ captext-list=temp/captcha-text-list.txt
2018-06-10 23:18:11 cp -r temp/test-files/ temp/test-files__bak_354975
2018-06-11 00:18:30 booo!!. only correct: 6800 images of total: 10010
2018-06-11 00:18:30 Make TEST image set become TRAIN image set
2018-06-11 00:18:30 rm -rf temp/train-files/
2018-06-11 00:18:30 mv temp/test-files/ temp/train-files/
2018-06-11 00:18:30 mkdir temp/test-files/
2018-06-11 00:18:30 cp -r temp/train-files/ temp/train-files__bak_354975
2018-06-11 00:18:31 set new max train iter to ->371025
2018-06-11 00:18:31 bash create-train-list.sh temp/train-files/ temp/train-list.txt
2018-06-11 00:18:47 rm -rf temp/train.db
2018-06-11 00:18:47 convert_imageset --backend=leveldb --gray --resize_height=0 --resize_width=0 --shuffle=true temp/train-files/ temp/train-list.txt temp/train.db
2018-06-11 00:19:10 rm -rf temp/train-files/
2018-06-11 00:19:10 mkdir temp/train-files/
2018-06-11 00:19:10 rm -rf captcha_solver.prototxt
2018-06-11 00:19:10 touch captcha_solver.prototxt
2018-06-11 00:19:10 caffe TRAIN
2018-06-11 00:19:10 continue TRAIN snapshot temp/snapshots/modepakbudi_iter_354975.solverstate
2018-06-11 00:19:10 caffe train --solver=captcha_solver.prototxt --snapshot=temp/snapshots/modepakbudi_iter_354975.solverstate
2018-06-11 00:43:18 ==========================================
2018-06-11 00:43:18 iteration number 6
2018-06-11 00:43:18 ==========================================
2018-06-11 00:43:18 TEST pretrained snapshot temp/snapshots/modepakbudi_iter_371025.solverstate
2018-06-11 00:43:18 create TEST image set based on captext list
2018-06-11 00:43:18 php-cgi captcha.php dest-directory=temp/test-files/ captext-list=temp/captcha-text-list.txt
2018-06-11 00:43:51 cp -r temp/test-files/ temp/test-files__bak_371025
2018-06-11 01:43:36 booo!!. only correct: 6852 images of total: 10010
2018-06-11 01:43:37 Make TEST image set become TRAIN image set
2018-06-11 01:43:37 rm -rf temp/train-files/
2018-06-11 01:43:37 mv temp/test-files/ temp/train-files/
2018-06-11 01:43:37 mkdir temp/test-files/
2018-06-11 01:43:37 cp -r temp/train-files/ temp/train-files__bak_371025
2018-06-11 01:43:39 set new max train iter to ->386815
2018-06-11 01:43:39 bash create-train-list.sh temp/train-files/ temp/train-list.txt
2018-06-11 01:43:52 rm -rf temp/train.db
2018-06-11 01:43:52 convert_imageset --backend=leveldb --gray --resize_height=0 --resize_width=0 --shuffle=true temp/train-files/ temp/train-list.txt temp/train.db
2018-06-11 01:44:34 rm -rf temp/train-files/
2018-06-11 01:44:34 mkdir temp/train-files/
2018-06-11 01:44:34 rm -rf captcha_solver.prototxt
2018-06-11 01:44:34 touch captcha_solver.prototxt
2018-06-11 01:44:34 caffe TRAIN
2018-06-11 01:44:34 continue TRAIN snapshot temp/snapshots/modepakbudi_iter_371025.solverstate
2018-06-11 01:44:34 caffe train --solver=captcha_solver.prototxt --snapshot=temp/snapshots/modepakbudi_iter_371025.solverstate
2018-06-11 02:09:10 ==========================================
2018-06-11 02:09:10 iteration number 7
2018-06-11 02:09:10 ==========================================
2018-06-11 02:09:10 TEST pretrained snapshot temp/snapshots/modepakbudi_iter_386815.solverstate
2018-06-11 02:09:10 create TEST image set based on captext list
2018-06-11 02:09:10 php-cgi captcha.php dest-directory=temp/test-files/ captext-list=temp/captcha-text-list.txt
2018-06-11 02:09:43 cp -r temp/test-files/ temp/test-files__bak_386815
2018-06-11 03:09:35 booo!!. only correct: 6994 images of total: 10010
2018-06-11 03:09:35 Make TEST image set become TRAIN image set
2018-06-11 03:09:35 rm -rf temp/train-files/
2018-06-11 03:09:35 mv temp/test-files/ temp/train-files/
2018-06-11 03:09:35 mkdir temp/test-files/
2018-06-11 03:09:35 cp -r temp/train-files/ temp/train-files__bak_386815
2018-06-11 03:09:36 set new max train iter to ->401895
2018-06-11 03:09:36 bash create-train-list.sh temp/train-files/ temp/train-list.txt
2018-06-11 03:09:50 rm -rf temp/train.db
2018-06-11 03:09:50 convert_imageset --backend=leveldb --gray --resize_height=0 --resize_width=0 --shuffle=true temp/train-files/ temp/train-list.txt temp/train.db
2018-06-11 03:10:17 rm -rf temp/train-files/
2018-06-11 03:10:17 mkdir temp/train-files/
2018-06-11 03:10:17 rm -rf captcha_solver.prototxt
2018-06-11 03:10:17 touch captcha_solver.prototxt
2018-06-11 03:10:17 caffe TRAIN
2018-06-11 03:10:17 continue TRAIN snapshot temp/snapshots/modepakbudi_iter_386815.solverstate
2018-06-11 03:10:17 caffe train --solver=captcha_solver.prototxt --snapshot=temp/snapshots/modepakbudi_iter_386815.solverstate
2018-06-11 03:34:01 ==========================================
2018-06-11 03:34:01 iteration number 8
2018-06-11 03:34:01 ==========================================
2018-06-11 03:34:01 TEST pretrained snapshot temp/snapshots/modepakbudi_iter_401895.solverstate
2018-06-11 03:34:01 create TEST image set based on captext list
2018-06-11 03:34:01 php-cgi captcha.php dest-directory=temp/test-files/ captext-list=temp/captcha-text-list.txt
2018-06-11 03:34:36 cp -r temp/test-files/ temp/test-files__bak_401895
2018-06-11 04:34:29 booo!!. only correct: 7178 images of total: 10010
2018-06-11 04:34:29 Make TEST image set become TRAIN image set
2018-06-11 04:34:29 rm -rf temp/train-files/
2018-06-11 04:34:29 mv temp/test-files/ temp/train-files/
2018-06-11 04:34:29 mkdir temp/test-files/
2018-06-11 04:34:29 cp -r temp/train-files/ temp/train-files__bak_401895
2018-06-11 04:34:29 set new max train iter to ->416055
2018-06-11 04:34:29 bash create-train-list.sh temp/train-files/ temp/train-list.txt
2018-06-11 04:34:42 rm -rf temp/train.db
2018-06-11 04:34:42 convert_imageset --backend=leveldb --gray --resize_height=0 --resize_width=0 --shuffle=true temp/train-files/ temp/train-list.txt temp/train.db
2018-06-11 04:35:07 rm -rf temp/train-files/
2018-06-11 04:35:07 mkdir temp/train-files/
2018-06-11 04:35:07 rm -rf captcha_solver.prototxt
2018-06-11 04:35:07 touch captcha_solver.prototxt
2018-06-11 04:35:07 caffe TRAIN
2018-06-11 04:35:07 continue TRAIN snapshot temp/snapshots/modepakbudi_iter_401895.solverstate
2018-06-11 04:35:07 caffe train --solver=captcha_solver.prototxt --snapshot=temp/snapshots/modepakbudi_iter_401895.solverstate
2018-06-11 04:56:21 ==========================================
2018-06-11 04:56:22 iteration number 9
2018-06-11 04:56:22 ==========================================
2018-06-11 04:56:22 TEST pretrained snapshot temp/snapshots/modepakbudi_iter_416055.solverstate
2018-06-11 04:56:22 create TEST image set based on captext list
2018-06-11 04:56:22 php-cgi captcha.php dest-directory=temp/test-files/ captext-list=temp/captcha-text-list.txt
2018-06-11 04:56:55 cp -r temp/test-files/ temp/test-files__bak_416055
