
2018-06-07 06:03:24 clean up first
2018-06-07 06:03:24 init captext list
2018-06-07 06:03:24 create new captext_list
2018-06-07 06:04:31 iteration number 1
2018-06-07 06:04:31 ==========================================
2018-06-07 06:04:31 create TEST image set based on captext list
2018-06-07 06:07:56 clean up first
2018-06-07 06:07:56 init captext list
2018-06-07 06:07:56 create new captext_list
2018-06-07 06:09:08 iteration number 1
2018-06-07 06:09:08 ==========================================
2018-06-07 06:09:08 create TRAIN image set based on captext list
2018-06-07 06:10:45 caffe TRAIN
2018-06-07 06:10:45 no snapshot
2018-06-07 07:24:40 iteration number 2
2018-06-07 07:24:41 ==========================================
2018-06-07 07:24:41 create TEST image set based on captext list
2018-06-07 08:23:52 booo!!. only correct: 179 images of total: 10010
2018-06-07 08:23:52 Make TEST image set become TRAIN image set
2018-06-07 08:25:35 caffe TRAIN
2018-06-07 08:25:35 use snapshot temp/snapshots/modepakbudi_iter_50050.solverstate
2018-06-07 09:38:21 iteration number 3
2018-06-07 09:38:21 ==========================================
2018-06-07 09:38:21 create TEST image set based on captext list
2018-06-07 10:37:32 booo!!. only correct: 2637 images of total: 10010
2018-06-07 10:37:32 Make TEST image set become TRAIN image set
2018-06-07 10:39:12 caffe TRAIN
2018-06-07 10:39:12 use snapshot temp/snapshots/modepakbudi_iter_99205.solverstate
2018-06-07 11:33:47 iteration number 4
2018-06-07 11:33:47 ==========================================
2018-06-07 11:33:47 create TEST image set based on captext list
2018-06-07 12:33:11 booo!!. only correct: 3764 images of total: 10010
2018-06-07 12:33:11 Make TEST image set become TRAIN image set
2018-06-07 12:34:55 caffe TRAIN
2018-06-07 12:34:55 use snapshot temp/snapshots/modepakbudi_iter_136070.solverstate
2018-06-07 13:21:20 iteration number 5
2018-06-07 13:21:20 ==========================================
2018-06-07 13:21:20 create TEST image set based on captext list
2018-06-07 14:21:23 booo!!. only correct: 4706 images of total: 10010
2018-06-07 14:21:23 Make TEST image set become TRAIN image set
2018-06-07 14:22:54 caffe TRAIN
2018-06-07 14:22:54 use snapshot temp/snapshots/modepakbudi_iter_167300.solverstate
2018-06-07 15:03:02 iteration number 6
2018-06-07 15:03:02 ==========================================
2018-06-07 15:03:02 create TEST image set based on captext list
2018-06-07 16:02:43 booo!!. only correct: 5093 images of total: 10010
2018-06-07 16:02:43 Make TEST image set become TRAIN image set
2018-06-07 16:03:58 caffe TRAIN
2018-06-07 16:03:58 use snapshot temp/snapshots/modepakbudi_iter_193820.solverstate
2018-06-07 16:40:25 iteration number 7
2018-06-07 16:40:25 ==========================================
2018-06-07 16:40:25 create TEST image set based on captext list
2018-06-07 17:40:30 booo!!. only correct: 5472 images of total: 10010
2018-06-07 17:40:30 Make TEST image set become TRAIN image set
2018-06-07 17:41:50 caffe TRAIN
2018-06-07 17:41:50 use snapshot temp/snapshots/modepakbudi_iter_218405.solverstate
2018-06-07 18:15:31 iteration number 8
2018-06-07 18:15:31 ==========================================
2018-06-07 18:15:31 create TEST image set based on captext list
2018-06-08 05:10:27 create new captext_list
2018-06-08 05:11:29 create TEST image set based on captext list
2018-06-08 05:17:21 create new captext_list
2018-06-08 05:18:34 create TEST image set based on captext list
2018-06-08 06:17:54 booo!!. only correct: 3791 images of total: 10010
2018-06-08 10:47:54 create new captext_list
2018-06-08 10:48:54 create TEST image set based on captext list
2018-06-08 11:48:08 booo!!. only correct: 3838 images of total: 10010
